Index  % CPU Time:Total  CPU Time:Self  CPU Time:Children  Name                                             Index
-----  ----------------  -------------  -----------------  -----------------------------------------------  -----
                                                             <spontaneous>                                       
[1]    99.99             0.0            132.700            [stack]                                          [1]  
                         0.010          0.0                  dl_open_worker                                 [91] 
                         0.0            132.690              _start                                         [3]  
                                                                                                                 
                         0.0            132.690              _start                                         [3]  
[2]    99.98             0.0            132.690            __libc_start_main                                [2]  
                         0.010          132.680              main                                           [4]  
                                                                                                                 
                         0.0            132.690              [stack]                                        [1]  
[3]    99.98             0.0            132.690            _start                                           [3]  
                         0.0            132.690              __libc_start_main                              [2]  
                                                                                                                 
                         0.010          132.680              __libc_start_main                              [2]  
[4]    99.98             0.010          132.680            main                                             [4]  
                         22.610         42.288               updateNeutrons                                 [6]  
                         0.200          61.850               manageFuelAssemblyInteractions                 [7]  
                         0.060          4.240                manageFuelAssemblyFissions                     [20] 
                         0.030          0.0                  initialiseNeutrons                             [65] 
                         0.020          0.0                  calculateNumberActiveNeutrons                  [76] 
                         0.010          0.140                PMPI_Init                                      [49] 
                         0.010          0.0                  pthread_create                                 [95] 
                         0.010          0.0                  sscanf                                         [96] 
                         0.0            0.010                [Unknown stack frame(s)]                       [97] 
                         0.0            0.030                generateReport                                 [64] 
                         0.0            0.010                initialiseReactorCore                          [94] 
                         0.0            1.162                updateReactorCore                              [28] 
                                                                                                                 
                         0.770          3.370                manageFuelAssemblyFissions                     [20] 
                         2.559          0.030                updateNeutrons                                 [6]  
                         12.810         46.129               manageFuelAssemblyInteractions                 [7]  
[5]    49.48             16.138         49.530             PMPI_Wait                                        [5]  
                         3.280          45.890               ofi_cq_readfrom                                [8]  
                         0.340          0.0                  ofi_cq_read                                    [39] 
                         0.0            0.020                rxm_ep_sendv                                   [62] 
                                                                                                                 
                         22.610         42.288               main                                           [4]  
[6]    48.9              22.610         42.288             updateNeutrons                                   [6]  
                         7.313          14.114               updateNeutronPosition                          [12] 
                         4.662          0.0                  determineOutbound.constprop.2                  [19] 
                         3.305          0.0                  rebuildIndex                                   [22] 
                         2.559          0.030                PMPI_Wait                                      [5]  
                         2.370          5.722                interactWithReactor                            [16] 
                         0.0            2.213                send_fuel_assembly_neutrons                    [27] 
                                                                                                                 
                         0.200          61.850               main                                           [4]  
[7]    46.76             0.200          61.850             manageFuelAssemblyInteractions                   [7]  
                         12.810         46.129               PMPI_Wait                                      [5]  
                         0.440          0.0                  PMPI_Issend                                    [24] 
                         0.130          2.331                interactWithFuelAssembly.constprop.7           [25] 
                         0.010          0.0                  PMPI_Irecv                                     [90] 
                                                                                                                 
                         0.0            0.070                PMPI_Recv                                      [40] 
                         3.280          45.890               PMPI_Wait                                      [5]  
[8]    37.1              3.280          45.960             ofi_cq_readfrom                                  [8]  
                         9.680          0.0                  pthread_spin_lock                              [13] 
                         1.880          31.620               ofi_cq_progress                                [9]  
                         0.820          0.0                  pthread_spin_init                              [30] 
                         0.760          0.0                  [Import thunk pthread_spin_unlock]             [34] 
                         0.630          0.0                  ofi_fastlock_release                           [36] 
                         0.450          0.0                  [Import thunk pthread_spin_lock]               [35] 
                         0.120          0.0                  ofi_fastlock_acquire                           [38] 
                                                                                                                 
                         1.880          31.620               ofi_cq_readfrom                                [8]  
[9]    25.24             1.880          31.620             ofi_cq_progress                                  [9]  
                         4.940          0.0                  pthread_spin_lock                              [13] 
                         2.730          23.340               rxm_ep_progress_one                            [10] 
                         0.310          0.0                  ofi_fastlock_acquire                           [38] 
                         0.300          0.0                  [Import thunk pthread_spin_lock]               [35] 
                                                                                                                 
                         2.730          23.340               ofi_cq_progress                                [9]  
[10]   19.64             2.730          23.340             rxm_ep_progress_one                              [10] 
                         3.540          19.300               fi_ibv_cq_read                                 [11] 
                         0.280          0.0                  ofi_fastlock_acquire_noop                      [41] 
                         0.210          0.0                  ofi_fastlock_release_noop                      [46] 
                         0.0            0.010                rxm_cq_handle_comp                             [86] 
                                                                                                                 
                         3.540          19.300               rxm_ep_progress_one                            [10] 
[11]   17.21             3.540          19.300             fi_ibv_cq_read                                   [11] 
                         11.840         0.0                  func@0xa68a                                    [15] 
                         4.830          0.0                  pthread_spin_lock                              [13] 
                         1.080          0.0                  func@0xa620                                    [29] 
                         0.270          0.0                  func@0xa650                                    [42] 
                         0.260          0.0                  [Import thunk pthread_spin_lock]               [43] 
                         0.230          0.0                  [Import thunk pthread_spin_unlock]             [44] 
                         0.220          0.0                  ofi_fastlock_release                           [45] 
                         0.210          0.0                  ofi_fastlock_acquire                           [47] 
                         0.190          0.0                  pthread_spin_init                              [30] 
                         0.170          0.0                  func@0xb110                                    [48] 
                                                                                                                 
                         7.313          14.114               updateNeutrons                                 [6]  
[12]   16.15             7.313          14.114             updateNeutronPosition                            [12] 
                         14.114         0.0                  MeVToVelocity                                  [14] 
                                                                                                                 
                         4.830          0.0                  fi_ibv_cq_read                                 [11] 
                         4.940          0.0                  ofi_cq_progress                                [9]  
                         9.680          0.0                  ofi_cq_readfrom                                [8]  
[13]   14.66             19.450         0.0                pthread_spin_lock                                [13] 
                                                                                                                 
                         14.114         0.0                  updateNeutronPosition                          [12] 
[14]   10.64             14.114         0.0                MeVToVelocity                                    [14] 
                                                                                                                 
                         11.840         0.0                  fi_ibv_cq_read                                 [11] 
[15]   8.92              11.840         0.0                func@0xa68a                                      [15] 
                                                                                                                 
                         2.370          5.722                updateNeutrons                                 [6]  
[16]   6.1               2.370          5.722              interactWithReactor                              [16] 
                         0.380          5.342                interactWithModerator.constprop.3              [17] 
                                                                                                                 
                         0.380          5.342                interactWithReactor                            [16] 
[17]   4.31              0.380          5.342              interactWithModerator.constprop.3                [17] 
                         0.741          4.601                determineAndHandleIfNeutronModeratorCollision  [18] 
                                                                                                                 
                         0.741          4.601                interactWithModerator.constprop.3              [17] 
[18]   4.03              0.741          4.601              determineAndHandleIfNeutronModeratorCollision    [18] 
                         1.310          1.521                determineNeutronModeratorScattering            [23] 
                         1.130          0.0                  rand                                           [21] 
                         0.610          0.0                  expf32x                                        [37] 
                         0.030          0.0                  func@0x401320                                  [66] 
                                                                                                                 
                         4.662          0.0                  updateNeutrons                                 [6]  
[19]   3.51              4.662          0.0                determineOutbound.constprop.2                    [19] 
                                                                                                                 
                         0.060          4.240                main                                           [4]  
[20]   3.24              0.060          4.240              manageFuelAssemblyFissions                       [20] 
                         0.770          3.370                PMPI_Wait                                      [5]  
                         0.030          0.0                  PMPI_Issend                                    [24] 
                         0.010          0.060                fissionU236                                    [54] 
                                                                                                                 
                         0.030          0.0                  updateReactorCore                              [28] 
                         0.060          0.0                  fissionU236                                    [54] 
                         0.710          0.0                  generateNeutronVelocityAndEnergy               [33] 
                         0.750          0.0                  determineAndHandleIfNeutronFuelCollision       [26] 
                         1.130          0.0                  determineAndHandleIfNeutronModeratorCollision  [18] 
                         1.521          0.0                  determineNeutronModeratorScattering            [23] 
[21]   3.17              4.201          0.0                rand                                             [21] 
                                                                                                                 
                         3.305          0.0                  updateNeutrons                                 [6]  
[22]   2.49              3.305          0.0                rebuildIndex                                     [22] 
                                                                                                                 
                         1.310          1.521                determineAndHandleIfNeutronModeratorCollision  [18] 
[23]   2.13              1.310          1.521              determineNeutronModeratorScattering              [23] 
                         1.521          0.0                  rand                                           [21] 
                                                                                                                 
                         0.030          0.0                  manageFuelAssemblyFissions                     [20] 
                         0.440          0.0                  manageFuelAssemblyInteractions                 [7]  
                         2.033          0.0                  send_fuel_assembly_neutrons                    [27] 
[24]   1.89              2.503          0.0                PMPI_Issend                                      [24] 
                                                                                                                 
                         0.130          2.331                manageFuelAssemblyInteractions                 [7]  
[25]   1.85              0.130          2.331              interactWithFuelAssembly.constprop.7             [25] 
                         1.580          0.750                determineAndHandleIfNeutronFuelCollision       [26] 
                                                                                                                 
                         1.580          0.750                interactWithFuelAssembly.constprop.7           [25] 
[26]   1.76              1.580          0.750              determineAndHandleIfNeutronFuelCollision         [26] 
                         0.750          0.0                  rand                                           [21] 
                                                                                                                 
                         0.0            2.213                updateNeutrons                                 [6]  
[27]   1.67              0.0            2.213              send_fuel_assembly_neutrons                      [27] 
                         2.033          0.0                  PMPI_Issend                                    [24] 
                         0.110          0.0                  PMPI_Type_create_indexed_block                 [50] 
                         0.070          0.0                  PMPI_Type_commit                               [53] 
                                                                                                                 
                         0.0            1.162                main                                           [4]  
[28]   0.88              0.0            1.162              updateReactorCore                                [28] 
                         0.030          0.942                createNeutronsFromFission                      [31] 
                         0.030          0.0                  rand                                           [21] 
                         0.010          0.150                initialiseNeutron                              [32] 
                                                                                                                 
                         1.080          0.0                  fi_ibv_cq_read                                 [11] 
[29]   0.81              1.080          0.0                func@0xa620                                      [29] 
                                                                                                                 
                         0.190          0.0                  fi_ibv_cq_read                                 [11] 
                         0.820          0.0                  ofi_cq_readfrom                                [8]  
[30]   0.76              1.010          0.0                pthread_spin_init                                [30] 
                                                                                                                 
                         0.030          0.942                updateReactorCore                              [28] 
[31]   0.73              0.030          0.942              createNeutronsFromFission                        [31] 
                         0.180          0.111                PMPI_Recv                                      [40] 
                         0.010          0.641                initialiseNeutron                              [32] 
                                                                                                                 
                         0.010          0.641                createNeutronsFromFission                      [31] 
                         0.010          0.150                updateReactorCore                              [28] 
[32]   0.61              0.020          0.791              initialiseNeutron                                [32] 
                         0.080          0.710                generateNeutronVelocityAndEnergy               [33] 
                                                                                                                 
                         0.080          0.710                initialiseNeutron                              [32] 
[33]   0.6               0.080          0.710              generateNeutronVelocityAndEnergy                 [33] 
                         0.710          0.0                  rand                                           [21] 
                                                                                                                 
                         0.760          0.0                  ofi_cq_readfrom                                [8]  
[34]   0.57              0.760          0.0                [Import thunk pthread_spin_unlock]               [34] 
                                                                                                                 
                         0.300          0.0                  ofi_cq_progress                                [9]  
                         0.450          0.0                  ofi_cq_readfrom                                [8]  
[35]   0.57              0.750          0.0                [Import thunk pthread_spin_lock]                 [35] 
                                                                                                                 
                         0.630          0.0                  ofi_cq_readfrom                                [8]  
[36]   0.47              0.630          0.0                ofi_fastlock_release                             [36] 
                                                                                                                 
                         0.610          0.0                  determineAndHandleIfNeutronModeratorCollision  [18] 
[37]   0.46              0.610          0.0                expf32x                                          [37] 
                                                                                                                 
                         0.120          0.0                  ofi_cq_readfrom                                [8]  
                         0.310          0.0                  ofi_cq_progress                                [9]  
[38]   0.32              0.430          0.0                ofi_fastlock_acquire                             [38] 
                                                                                                                 
                         0.021          0.0                  PMPI_Recv                                      [40] 
                         0.340          0.0                  PMPI_Wait                                      [5]  
[39]   0.27              0.361          0.0                ofi_cq_read                                      [39] 
                                                                                                                 
                         0.030          0.0                  generateReport                                 [64] 
                         0.180          0.111                createNeutronsFromFission                      [31] 
[40]   0.24              0.210          0.111              PMPI_Recv                                        [40] 
                         0.021          0.0                  ofi_cq_read                                    [39] 
                         0.0            0.070                ofi_cq_readfrom                                [8]  
                         0.0            0.020                rxm_ep_sendv                                   [62] 
                                                                                                                 
                         0.280          0.0                  rxm_ep_progress_one                            [10] 
[41]   0.21              0.280          0.0                ofi_fastlock_acquire_noop                        [41] 
                                                                                                                 
                         0.270          0.0                  fi_ibv_cq_read                                 [11] 
[42]   0.2               0.270          0.0                func@0xa650                                      [42] 
                                                                                                                 
                         0.260          0.0                  fi_ibv_cq_read                                 [11] 
[43]   0.2               0.260          0.0                [Import thunk pthread_spin_lock]                 [43] 
                                                                                                                 
                         0.230          0.0                  fi_ibv_cq_read                                 [11] 
[44]   0.17              0.230          0.0                [Import thunk pthread_spin_unlock]               [44] 
                                                                                                                 
                         0.220          0.0                  fi_ibv_cq_read                                 [11] 
[45]   0.17              0.220          0.0                ofi_fastlock_release                             [45] 
                                                                                                                 
                         0.210          0.0                  rxm_ep_progress_one                            [10] 
[46]   0.16              0.210          0.0                ofi_fastlock_release_noop                        [46] 
                                                                                                                 
                         0.210          0.0                  fi_ibv_cq_read                                 [11] 
[47]   0.16              0.210          0.0                ofi_fastlock_acquire                             [47] 
                                                                                                                 
                         0.170          0.0                  fi_ibv_cq_read                                 [11] 
[48]   0.13              0.170          0.0                func@0xb110                                      [48] 
                                                                                                                 
                         0.010          0.140                main                                           [4]  
[49]   0.11              0.010          0.140              PMPI_Init                                        [49] 
                         0.0            0.100                fi_getinfo                                     [51] 
                         0.0            0.020                rxm_endpoint                                   [73] 
                         0.0            0.020                rxm_ep_bind                                    [83] 
                                                                                                                 
                         0.110          0.0                  send_fuel_assembly_neutrons                    [27] 
[50]   0.08              0.110          0.0                PMPI_Type_create_indexed_block                   [50] 
                                                                                                                 
                         0.0            0.100                PMPI_Init                                      [49] 
[51]   0.08              0.0            0.100              fi_getinfo                                       [51] 
                         0.0            0.100                fi_ini                                         [52] 
                                                                                                                 
                         0.0            0.100                fi_getinfo                                     [51] 
[52]   0.08              0.0            0.100              fi_ini                                           [52] 
                         0.030          0.010                dlopen                                         [63] 
                         0.0            0.060                fi_prov_ini                                    [56] 
                                                                                                                 
                         0.070          0.0                  send_fuel_assembly_neutrons                    [27] 
[53]   0.05              0.070          0.0                PMPI_Type_commit                                 [53] 
                                                                                                                 
                         0.010          0.060                manageFuelAssemblyFissions                     [20] 
[54]   0.05              0.010          0.060              fissionU236                                      [54] 
                         0.060          0.0                  rand                                           [21] 
                                                                                                                 
                         0.0            0.060                fi_prov_ini                                    [56] 
[55]   0.05              0.0            0.060              fi_ibv_init_info                                 [55] 
                         0.010          0.010                ibv_get_device_list                            [79] 
                         0.0            0.040                fi_ibv_alloc_info                              [57] 
                                                                                                                 
                         0.0            0.060                fi_ini                                         [52] 
[56]   0.05              0.0            0.060              fi_prov_ini                                      [56] 
                         0.0            0.060                fi_ibv_init_info                               [55] 
                                                                                                                 
                         0.0            0.040                fi_ibv_init_info                               [55] 
[57]   0.03              0.0            0.040              fi_ibv_alloc_info                                [57] 
                         0.0            0.040                fi_ibv_get_device_attrs                        [58] 
                                                                                                                 
                         0.0            0.040                fi_ibv_alloc_info                              [57] 
[58]   0.03              0.0            0.040              fi_ibv_get_device_attrs                          [58] 
                         0.010          0.0                  func@0x1cc60                                   [92] 
                         0.010          0.0                  ibv_create_qp                                  [78] 
                         0.0            0.020                fi_ibv_find_max_inline                         [77] 
                                                                                                                 
                         0.0            0.040                rxm_ep_send_common                             [61] 
[59]   0.03              0.0            0.040              fi_ibv_msg_ep_send                               [59] 
                         0.040          0.0                  func@0x18500                                   [60] 
                                                                                                                 
                         0.040          0.0                  fi_ibv_msg_ep_send                             [59] 
[60]   0.03              0.040          0.0                func@0x18500                                     [60] 
                                                                                                                 
                         0.0            0.040                rxm_ep_sendv                                   [62] 
[61]   0.03              0.0            0.040              rxm_ep_send_common                               [61] 
                         0.0            0.040                fi_ibv_msg_ep_send                             [59] 
                                                                                                                 
                         0.0            0.020                PMPI_Recv                                      [40] 
                         0.0            0.020                PMPI_Wait                                      [5]  
[62]   0.03              0.0            0.040              rxm_ep_sendv                                     [62] 
                         0.0            0.040                rxm_ep_send_common                             [61] 
                                                                                                                 
                         0.030          0.010                fi_ini                                         [52] 
[63]   0.03              0.030          0.010              dlopen                                           [63] 
                         0.0            0.010                memcpy                                         [80] 
                                                                                                                 
                         0.0            0.030                main                                           [4]  
[64]   0.02              0.0            0.030              generateReport                                   [64] 
                         0.030          0.0                  PMPI_Recv                                      [40] 
                                                                                                                 
                         0.030          0.0                  main                                           [4]  
[65]   0.02              0.030          0.0                initialiseNeutrons                               [65] 
                                                                                                                 
                         0.030          0.0                  determineAndHandleIfNeutronModeratorCollision  [18] 
[66]   0.02              0.030          0.0                func@0x401320                                    [66] 
                                                                                                                 
                         0.010          0.0                  fi_ibv_find_max_inline                         [77] 
                         0.020          0.0                  fi_ibv_cq_open                                 [82] 
[67]   0.02              0.030          0.0                ibv_create_cq                                    [67] 
                                                                                                                 
                         0.0            0.020                rxm_buf_reg                                    [72] 
[68]   0.02              0.0            0.020              fi_ibv_mr_reg                                    [68] 
                         0.0            0.020                fi_ibv_mr_regv                                 [70] 
                                                                                                                 
                         0.0            0.020                fi_ibv_mr_regv                                 [70] 
[69]   0.02              0.0            0.020              fi_ibv_mr_regattr                                [69] 
                         0.020          0.0                  ibv_reg_mr                                     [71] 
                                                                                                                 
                         0.0            0.020                fi_ibv_mr_reg                                  [68] 
[70]   0.02              0.0            0.020              fi_ibv_mr_regv                                   [70] 
                         0.0            0.020                fi_ibv_mr_regattr                              [69] 
                                                                                                                 
                         0.020          0.0                  fi_ibv_mr_regattr                              [69] 
[71]   0.02              0.020          0.0                ibv_reg_mr                                       [71] 
                                                                                                                 
                         0.0            0.020                util_buf_grow                                  [74] 
[72]   0.02              0.0            0.020              rxm_buf_reg                                      [72] 
                         0.0            0.020                fi_ibv_mr_reg                                  [68] 
                                                                                                                 
                         0.0            0.020                PMPI_Init                                      [49] 
[73]   0.02              0.0            0.020              rxm_endpoint                                     [73] 
                         0.0            0.020                util_buf_pool_create_ex                        [75] 
                                                                                                                 
                         0.0            0.020                util_buf_pool_create_ex                        [75] 
[74]   0.02              0.0            0.020              util_buf_grow                                    [74] 
                         0.0            0.020                rxm_buf_reg                                    [72] 
                                                                                                                 
                         0.0            0.020                rxm_endpoint                                   [73] 
[75]   0.02              0.0            0.020              util_buf_pool_create_ex                          [75] 
                         0.0            0.020                util_buf_grow                                  [74] 
                                                                                                                 
                         0.020          0.0                  main                                           [4]  
[76]   0.02              0.020          0.0                calculateNumberActiveNeutrons                    [76] 
                                                                                                                 
                         0.0            0.020                fi_ibv_get_device_attrs                        [58] 
[77]   0.02              0.0            0.020              fi_ibv_find_max_inline                           [77] 
                         0.010          0.0                  ibv_create_cq                                  [67] 
                         0.010          0.0                  ibv_create_qp                                  [78] 
                                                                                                                 
                         0.010          0.0                  fi_ibv_find_max_inline                         [77] 
                         0.010          0.0                  fi_ibv_get_device_attrs                        [58] 
[78]   0.02              0.020          0.0                ibv_create_qp                                    [78] 
                                                                                                                 
                         0.010          0.010                fi_ibv_init_info                               [55] 
[79]   0.02              0.010          0.010              ibv_get_device_list                              [79] 
                         0.0            0.010                memcpy                                         [80] 
                                                                                                                 
                         0.0            0.010                dlopen                                         [63] 
                         0.0            0.010                ibv_get_device_list                            [79] 
[80]   0.02              0.0            0.020              memcpy                                           [80] 
                         0.020          0.0                  memmove                                        [81] 
                                                                                                                 
                         0.020          0.0                  memcpy                                         [80] 
[81]   0.02              0.020          0.0                memmove                                          [81] 
                                                                                                                 
                         0.0            0.020                rxm_ep_msg_cq_open                             [84] 
[82]   0.01              0.0            0.020              fi_ibv_cq_open                                   [82] 
                         0.020          0.0                  ibv_create_cq                                  [67] 
                                                                                                                 
                         0.0            0.020                PMPI_Init                                      [49] 
[83]   0.01              0.0            0.020              rxm_ep_bind                                      [83] 
                         0.0            0.020                rxm_ep_msg_cq_open                             [84] 
                                                                                                                 
                         0.0            0.020                rxm_ep_bind                                    [83] 
[84]   0.01              0.0            0.020              rxm_ep_msg_cq_open                               [84] 
                         0.0            0.020                fi_ibv_cq_open                                 [82] 
                                                                                                                 
                                                             <spontaneous>                                       
[85]   0.01              0.010          0.0                func@0x838f60                                    [85] 
                                                                                                                 
                         0.0            0.010                rxm_ep_progress_one                            [10] 
[86]   0.01              0.0            0.010              rxm_cq_handle_comp                               [86] 
                         0.0            0.010                rxm_handle_recv_comp                           [89] 
                                                                                                                 
                         0.0            0.010                rxm_handle_recv_comp                           [89] 
[87]   0.01              0.0            0.010              rxm_cq_handle_rx_buf                             [87] 
                         0.010          0.0                  rxm_finish_recv                                [88] 
                                                                                                                 
                         0.010          0.0                  rxm_cq_handle_rx_buf                           [87] 
[88]   0.01              0.010          0.0                rxm_finish_recv                                  [88] 
                                                                                                                 
                         0.0            0.010                rxm_cq_handle_comp                             [86] 
[89]   0.01              0.0            0.010              rxm_handle_recv_comp                             [89] 
                         0.0            0.010                rxm_cq_handle_rx_buf                           [87] 
                                                                                                                 
                         0.010          0.0                  manageFuelAssemblyInteractions                 [7]  
[90]   0.01              0.010          0.0                PMPI_Irecv                                       [90] 
                                                                                                                 
                         0.010          0.0                  [stack]                                        [1]  
[91]   0.01              0.010          0.0                dl_open_worker                                   [91] 
                                                                                                                 
                         0.010          0.0                  fi_ibv_get_device_attrs                        [58] 
[92]   0.01              0.010          0.0                func@0x1cc60                                     [92] 
                                                                                                                 
                         0.010          0.0                  initialiseReactorCore                          [94] 
[93]   0.01              0.010          0.0                getAtomsPerGram                                  [93] 
                                                                                                                 
                         0.0            0.010                main                                           [4]  
[94]   0.01              0.0            0.010              initialiseReactorCore                            [94] 
                         0.010          0.0                  getAtomsPerGram                                [93] 
                                                                                                                 
                         0.010          0.0                  main                                           [4]  
[95]   0.01              0.010          0.0                pthread_create                                   [95] 
                                                                                                                 
                         0.010          0.0                  main                                           [4]  
[96]   0.01              0.010          0.0                sscanf                                           [96] 
                                                                                                                 
                         0.0            0.010                main                                           [4]  
[97]   0.01              0.0            0.010              [Unknown stack frame(s)]                         [97] 
                         0.010          0.0                  func@0x5b20                                    [98] 
                                                                                                                 
                         0.010          0.0                  [Unknown stack frame(s)]                       [97] 
[98]   0.01              0.010          0.0                func@0x5b20                                      [98] 
                                                                                                                 


Index by function name

Index  Function                                     
-----  ---------------------------------------------
[14]   MeVToVelocity                                
[49]   PMPI_Init                                    
[90]   PMPI_Irecv                                   
[24]   PMPI_Issend                                  
[40]   PMPI_Recv                                    
[53]   PMPI_Type_commit                             
[50]   PMPI_Type_create_indexed_block               
[5]    PMPI_Wait                                    
[35]   [Import thunk pthread_spin_lock]             
[43]   [Import thunk pthread_spin_lock]             
[34]   [Import thunk pthread_spin_unlock]           
[44]   [Import thunk pthread_spin_unlock]           
[97]   [Unknown stack frame(s)]                     
[1]    [stack]                                      
[2]    __libc_start_main                            
[3]    _start                                       
[76]   calculateNumberActiveNeutrons                
[31]   createNeutronsFromFission                    
[26]   determineAndHandleIfNeutronFuelCollision     
[18]   determineAndHandleIfNeutronModeratorCollision
[23]   determineNeutronModeratorScattering          
[19]   determineOutbound.constprop.2                
[91]   dl_open_worker                               
[63]   dlopen                                       
[37]   expf32x                                      
[51]   fi_getinfo                                   
[57]   fi_ibv_alloc_info                            
[82]   fi_ibv_cq_open                               
[11]   fi_ibv_cq_read                               
[77]   fi_ibv_find_max_inline                       
[58]   fi_ibv_get_device_attrs                      
[55]   fi_ibv_init_info                             
[68]   fi_ibv_mr_reg                                
[69]   fi_ibv_mr_regattr                            
[70]   fi_ibv_mr_regv                               
[59]   fi_ibv_msg_ep_send                           
[52]   fi_ini                                       
[56]   fi_prov_ini                                  
[54]   fissionU236                                  
[60]   func@0x18500                                 
[92]   func@0x1cc60                                 
[66]   func@0x401320                                
[98]   func@0x5b20                                  
[85]   func@0x838f60                                
[29]   func@0xa620                                  
[42]   func@0xa650                                  
[15]   func@0xa68a                                  
[48]   func@0xb110                                  
[33]   generateNeutronVelocityAndEnergy             
[64]   generateReport                               
[93]   getAtomsPerGram                              
[67]   ibv_create_cq                                
[78]   ibv_create_qp                                
[79]   ibv_get_device_list                          
[71]   ibv_reg_mr                                   
[32]   initialiseNeutron                            
[65]   initialiseNeutrons                           
[94]   initialiseReactorCore                        
[25]   interactWithFuelAssembly.constprop.7         
[17]   interactWithModerator.constprop.3            
[16]   interactWithReactor                          
[4]    main                                         
[20]   manageFuelAssemblyFissions                   
[7]    manageFuelAssemblyInteractions               
[80]   memcpy                                       
[81]   memmove                                      
[9]    ofi_cq_progress                              
[39]   ofi_cq_read                                  
[8]    ofi_cq_readfrom                              
[38]   ofi_fastlock_acquire                         
[47]   ofi_fastlock_acquire                         
[41]   ofi_fastlock_acquire_noop                    
[36]   ofi_fastlock_release                         
[45]   ofi_fastlock_release                         
[46]   ofi_fastlock_release_noop                    
[95]   pthread_create                               
[30]   pthread_spin_init                            
[13]   pthread_spin_lock                            
[21]   rand                                         
[22]   rebuildIndex                                 
[72]   rxm_buf_reg                                  
[86]   rxm_cq_handle_comp                           
[87]   rxm_cq_handle_rx_buf                         
[73]   rxm_endpoint                                 
[83]   rxm_ep_bind                                  
[84]   rxm_ep_msg_cq_open                           
[10]   rxm_ep_progress_one                          
[61]   rxm_ep_send_common                           
[62]   rxm_ep_sendv                                 
[88]   rxm_finish_recv                              
[89]   rxm_handle_recv_comp                         
[27]   send_fuel_assembly_neutrons                  
[96]   sscanf                                       
[12]   updateNeutronPosition                        
[6]    updateNeutrons                               
[28]   updateReactorCore                            
[74]   util_buf_grow                                
[75]   util_buf_pool_create_ex                      
