Index  % CPU Time:Total  CPU Time:Self  CPU Time:Children  Name                                                 Index
-----  ----------------  -------------  -----------------  ---------------------------------------------------  -----
                                                             <spontaneous>                                           
[1]    99.99             0.0            105.358            [stack]                                              [1]  
                         0.010          0.0                  dl_open_worker                                     [97] 
                         0.0            105.348              _start                                             [2]  
                                                                                                                     
                         0.0            105.348              [stack]                                            [1]  
[2]    99.98             0.0            105.348            _start                                               [2]  
                         0.0            0.080                [Unknown stack frame(s)]                           [43] 
                         0.0            105.268              __libc_start_main                                  [3]  
                                                                                                                     
                         0.0            105.268              _start                                             [2]  
[3]    99.9              0.0            105.268            __libc_start_main                                    [3]  
                         0.017          105.251              main                                               [4]  
                                                                                                                     
                         0.017          105.251              __libc_start_main                                  [3]  
[4]    99.9              0.017          105.251            main                                                 [4]  
                         14.920         36.270               updateNeutrons                                     [6]  
                         0.170          46.741               manageFuelAssemblyInteractions                     [7]  
                         0.110          5.389                manageFuelAssemblyFissions                         [17] 
                         0.040          0.0                  calculateNumberActiveNeutrons                      [61] 
                         0.030          0.0                  initialiseNeutrons                                 [70] 
                         0.023          0.0                  open                                               [72] 
                         0.020          1.291                updateReactorCore                                  [28] 
                         0.010          0.0                  initialiseReactorCore                              [103]
                         0.0            0.158                PMPI_Init                                          [46] 
                         0.0            0.050                [Unknown stack frame(s)]                           [43] 
                         0.0            0.030                generateReport                                     [71] 
                                                                                                                     
                         0.920          4.139                manageFuelAssemblyFissions                         [17] 
                         2.890          0.020                updateNeutrons                                     [6]  
                         18.079         25.570               manageFuelAssemblyInteractions                     [7]  
[5]    48.99             21.889         29.729             PMPI_Wait                                            [5]  
                         2.120          27.229               ofi_cq_readfrom                                    [8]  
                         0.360          0.0                  ofi_cq_read                                        [38] 
                         0.0            0.020                [Unknown stack frame(s)]                           [43] 
                                                                                                                     
                         14.920         36.270               main                                               [4]  
[6]    48.58             14.920         36.270             updateNeutrons                                       [6]  
                         6.259          8.469                updateNeutronPosition                              [11] 
                         4.251          0.0                  rebuildIndex                                       [21] 
                         4.120          0.0                  determineOutbound.constprop.2                      [22] 
                         2.890          0.020                PMPI_Wait                                          [5]  
                         2.190          4.990                interactWithReactor                                [15] 
                         0.0            3.080                send_fuel_assembly_neutrons                        [24] 
                                                                                                                     
                         0.170          46.741               main                                               [4]  
[7]    44.52             0.170          46.741             manageFuelAssemblyInteractions                       [7]  
                         18.079         25.570               PMPI_Wait                                          [5]  
                         0.600          0.0                  PMPI_Issend                                        [23] 
                         0.030          2.462                interactWithFuelAssembly.constprop.7               [25] 
                                                                                                                     
                         0.010          0.120                PMPI_Recv                                          [40] 
                         2.120          27.229               PMPI_Wait                                          [5]  
[8]    27.98             2.130          27.349             ofi_cq_readfrom                                      [8]  
                         6.330          0.0                  pthread_spin_lock                                  [13] 
                         0.940          18.229               ofi_cq_progress                                    [9]  
                         0.490          0.0                  [Import thunk pthread_spin_unlock]                 [35] 
                         0.440          0.0                  pthread_spin_init                                  [33] 
                         0.420          0.0                  ofi_fastlock_release                               [37] 
                         0.260          0.0                  [Import thunk pthread_spin_lock]                   [36] 
                         0.240          0.0                  ofi_fastlock_acquire                               [39] 
                                                                                                                     
                         0.940          18.229               ofi_cq_readfrom                                    [8]  
[9]    18.19             0.940          18.229             ofi_cq_progress                                      [9]  
                         2.840          0.0                  pthread_spin_lock                                  [13] 
                         1.540          13.559               rxm_ep_progress_one                                [10] 
                         0.170          0.0                  [Import thunk pthread_spin_lock]                   [36] 
                         0.120          0.0                  ofi_fastlock_acquire                               [39] 
                                                                                                                     
                         1.540          13.559               ofi_cq_progress                                    [9]  
[10]   14.33             1.540          13.559             rxm_ep_progress_one                                  [10] 
                         1.940          11.259               fi_ibv_cq_read                                     [12] 
                         0.180          0.0                  ofi_fastlock_acquire_noop                          [42] 
                         0.160          0.0                  ofi_fastlock_release_noop                          [45] 
                         0.010          0.010                rxm_cq_handle_comp                                 [86] 
                                                                                                                     
                         6.259          8.469                updateNeutrons                                     [6]  
[11]   13.98             6.259          8.469              updateNeutronPosition                                [11] 
                         8.469          0.0                  MeVToVelocity                                      [14] 
                                                                                                                     
                         1.940          11.259               rxm_ep_progress_one                                [10] 
[12]   12.53             1.940          11.259             fi_ibv_cq_read                                       [12] 
                         6.200          0.0                  func@0xa68a                                        [16] 
                         3.310          0.0                  pthread_spin_lock                                  [13] 
                         0.610          0.0                  func@0xa620                                        [32] 
                         0.330          0.0                  func@0xa650                                        [41] 
                         0.150          0.0                  pthread_spin_init                                  [33] 
                         0.150          0.0                  ofi_fastlock_release                               [47] 
                         0.140          0.0                  func@0xb110                                        [48] 
                         0.130          0.0                  ofi_fastlock_acquire                               [49] 
                         0.130          0.0                  [Import thunk pthread_spin_lock]                   [50] 
                         0.090          0.0                  [Import thunk pthread_spin_unlock]                 [55] 
                         0.0            0.020                [Unknown stack frame(s)]                           [43] 
                                                                                                                     
                         2.840          0.0                  ofi_cq_progress                                    [9]  
                         3.310          0.0                  fi_ibv_cq_read                                     [12] 
                         6.330          0.0                  ofi_cq_readfrom                                    [8]  
[13]   11.84             12.480         0.0                pthread_spin_lock                                    [13] 
                                                                                                                     
                         8.469          0.0                  updateNeutronPosition                              [11] 
[14]   8.04              8.469          0.0                MeVToVelocity                                        [14] 
                                                                                                                     
                         2.190          4.990                updateNeutrons                                     [6]  
[15]   6.81              2.190          4.990              interactWithReactor                                  [15] 
                         0.300          4.690                interactWithModerator.constprop.3                  [18] 
                                                                                                                     
                         6.200          0.0                  fi_ibv_cq_read                                     [12] 
[16]   5.88              6.200          0.0                func@0xa68a                                          [16] 
                                                                                                                     
                         0.110          5.389                main                                               [4]  
[17]   5.22              0.110          5.389              manageFuelAssemblyFissions                           [17] 
                         0.920          4.139                PMPI_Wait                                          [5]  
                         0.080          0.0                  PMPI_Issend                                        [23] 
                         0.0            0.050                fissionU236                                        [59] 
                         0.0            0.200                initialiseNeutron                                  [29] 
                                                                                                                     
                         0.300          4.690                interactWithReactor                                [15] 
[18]   4.74              0.300          4.690              interactWithModerator.constprop.3                    [18] 
                         0.530          4.160                determineAndHandleIfNeutronModeratorCollision      [19] 
                                                                                                                     
                         0.530          4.160                interactWithModerator.constprop.3                  [18] 
[19]   4.45              0.530          4.160              determineAndHandleIfNeutronModeratorCollision        [19] 
                         1.400          0.0                  rand                                               [20] 
                         1.070          1.140                determineNeutronModeratorScattering                [27] 
                         0.510          0.0                  expf32x                                            [34] 
                         0.020          0.0                  func@0x401320                                      [85] 
                         0.020          0.0                  func@0x4010e0                                      [90] 
                                                                                                                     
                         0.040          0.0                  updateReactorCore                                  [28] 
                         0.050          0.0                  fissionU236                                        [59] 
                         0.901          0.0                  determineAndHandleIfNeutronFuelCollision           [26] 
                         1.040          0.0                  generateNeutronVelocityAndEnergy                   [31] 
                         1.140          0.0                  determineNeutronModeratorScattering                [27] 
                         1.400          0.0                  determineAndHandleIfNeutronModeratorCollision      [19] 
[20]   4.34              4.571          0.0                rand                                                 [20] 
                                                                                                                     
                         4.251          0.0                  updateNeutrons                                     [6]  
[21]   4.03              4.251          0.0                rebuildIndex                                         [21] 
                                                                                                                     
                         4.120          0.0                  updateNeutrons                                     [6]  
[22]   3.91              4.120          0.0                determineOutbound.constprop.2                        [22] 
                                                                                                                     
                         0.080          0.0                  manageFuelAssemblyFissions                         [17] 
                         0.600          0.0                  manageFuelAssemblyInteractions                     [7]  
                         2.871          0.0                  send_fuel_assembly_neutrons                        [24] 
[23]   3.37              3.551          0.0                PMPI_Issend                                          [23] 
                                                                                                                     
                         0.0            3.080                updateNeutrons                                     [6]  
[24]   2.92              0.0            3.080              send_fuel_assembly_neutrons                          [24] 
                         2.871          0.0                  PMPI_Issend                                        [23] 
                         0.120          0.0                  PMPI_Type_commit                                   [51] 
                         0.080          0.0                  PMPI_Type_create_indexed_block                     [56] 
                         0.010          0.0                  PMPI_Irecv                                         [93] 
                                                                                                                     
                         0.030          2.462                manageFuelAssemblyInteractions                     [7]  
[25]   2.36              0.030          2.462              interactWithFuelAssembly.constprop.7                 [25] 
                         1.561          0.901                determineAndHandleIfNeutronFuelCollision           [26] 
                                                                                                                     
                         1.561          0.901                interactWithFuelAssembly.constprop.7               [25] 
[26]   2.34              1.561          0.901              determineAndHandleIfNeutronFuelCollision             [26] 
                         0.901          0.0                  rand                                               [20] 
                                                                                                                     
                         1.070          1.140                determineAndHandleIfNeutronModeratorCollision      [19] 
[27]   2.1               1.070          1.140              determineNeutronModeratorScattering                  [27] 
                         1.140          0.0                  rand                                               [20] 
                                                                                                                     
                         0.020          1.291                main                                               [4]  
[28]   1.24              0.020          1.291              updateReactorCore                                    [28] 
                         0.040          0.0                  rand                                               [20] 
                         0.020          1.091                createNeutronsFromFission                          [30] 
                         0.010          0.130                initialiseNeutron                                  [29] 
                                                                                                                     
                         0.0            0.200                manageFuelAssemblyFissions                         [17] 
                         0.010          0.130                updateReactorCore                                  [28] 
                         0.020          0.760                createNeutronsFromFission                          [30] 
[29]   1.06              0.030          1.090              initialiseNeutron                                    [29] 
                         0.050          1.040                generateNeutronVelocityAndEnergy                   [31] 
                                                                                                                     
                         0.020          1.091                updateReactorCore                                  [28] 
[30]   1.05              0.020          1.091              createNeutronsFromFission                            [30] 
                         0.150          0.160                PMPI_Recv                                          [40] 
                         0.020          0.760                initialiseNeutron                                  [29] 
                                                                                                                     
                         0.050          1.040                initialiseNeutron                                  [29] 
[31]   1.03              0.050          1.040              generateNeutronVelocityAndEnergy                     [31] 
                         1.040          0.0                  rand                                               [20] 
                                                                                                                     
                         0.610          0.0                  fi_ibv_cq_read                                     [12] 
[32]   0.58              0.610          0.0                func@0xa620                                          [32] 
                                                                                                                     
                         0.150          0.0                  fi_ibv_cq_read                                     [12] 
                         0.440          0.0                  ofi_cq_readfrom                                    [8]  
[33]   0.56              0.590          0.0                pthread_spin_init                                    [33] 
                                                                                                                     
                         0.510          0.0                  determineAndHandleIfNeutronModeratorCollision      [19] 
[34]   0.48              0.510          0.0                expf32x                                              [34] 
                                                                                                                     
                         0.490          0.0                  ofi_cq_readfrom                                    [8]  
[35]   0.46              0.490          0.0                [Import thunk pthread_spin_unlock]                   [35] 
                                                                                                                     
                         0.170          0.0                  ofi_cq_progress                                    [9]  
                         0.260          0.0                  ofi_cq_readfrom                                    [8]  
[36]   0.41              0.430          0.0                [Import thunk pthread_spin_lock]                     [36] 
                                                                                                                     
                         0.420          0.0                  ofi_cq_readfrom                                    [8]  
[37]   0.4               0.420          0.0                ofi_fastlock_release                                 [37] 
                                                                                                                     
                         0.360          0.0                  PMPI_Wait                                          [5]  
[38]   0.34              0.360          0.0                ofi_cq_read                                          [38] 
                                                                                                                     
                         0.120          0.0                  ofi_cq_progress                                    [9]  
                         0.240          0.0                  ofi_cq_readfrom                                    [8]  
[39]   0.34              0.360          0.0                ofi_fastlock_acquire                                 [39] 
                                                                                                                     
                         0.030          0.0                  generateReport                                     [71] 
                         0.150          0.160                createNeutronsFromFission                          [30] 
[40]   0.32              0.180          0.160              PMPI_Recv                                            [40] 
                         0.010          0.120                ofi_cq_readfrom                                    [8]  
                         0.0            0.030                rxm_ep_sendv                                       [65] 
                                                                                                                     
                         0.330          0.0                  fi_ibv_cq_read                                     [12] 
[41]   0.31              0.330          0.0                func@0xa650                                          [41] 
                                                                                                                     
                         0.180          0.0                  rxm_ep_progress_one                                [10] 
[42]   0.17              0.180          0.0                ofi_fastlock_acquire_noop                            [42] 
                                                                                                                     
                         0.0            0.020                PMPI_Wait                                          [5]  
                         0.0            0.080                _start                                             [2]  
                         0.0            0.020                fi_ibv_cq_read                                     [12] 
                         0.0            0.050                main                                               [4]  
[43]   0.16              0.0            0.170              [Unknown stack frame(s)]                             [43] 
                         0.170          0.0                  func@0x5b20                                        [44] 
                                                                                                                     
                         0.170          0.0                  [Unknown stack frame(s)]                           [43] 
[44]   0.16              0.170          0.0                func@0x5b20                                          [44] 
                                                                                                                     
                         0.160          0.0                  rxm_ep_progress_one                                [10] 
[45]   0.15              0.160          0.0                ofi_fastlock_release_noop                            [45] 
                                                                                                                     
                         0.0            0.158                main                                               [4]  
[46]   0.15              0.0            0.158              PMPI_Init                                            [46] 
                         0.0            0.010                fi_fabric                                          [98] 
                         0.0            0.108                fi_getinfo <cycle 1>                               [53] 
                         0.0            0.020                rxm_endpoint                                       [82] 
                         0.0            0.020                rxm_ep_bind                                        [75] 
                                                                                                                     
                         0.150          0.0                  fi_ibv_cq_read                                     [12] 
[47]   0.14              0.150          0.0                ofi_fastlock_release                                 [47] 
                                                                                                                     
                         0.140          0.0                  fi_ibv_cq_read                                     [12] 
[48]   0.13              0.140          0.0                func@0xb110                                          [48] 
                                                                                                                     
                         0.130          0.0                  fi_ibv_cq_read                                     [12] 
[49]   0.12              0.130          0.0                ofi_fastlock_acquire                                 [49] 
                                                                                                                     
                         0.130          0.0                  fi_ibv_cq_read                                     [12] 
[50]   0.12              0.130          0.0                [Import thunk pthread_spin_lock]                     [50] 
                                                                                                                     
                         0.120          0.0                  send_fuel_assembly_neutrons                        [24] 
[51]   0.11              0.120          0.0                PMPI_Type_commit                                     [51] 
                                                                                                                     
                         0.0            0.108                PMPI_Init                                          [46] 
                         0.0            0.010                ofi_get_core_info_fabric                           [100]
[52]   0.11              0.0            0.118              <cycle 1 as a whole>                                 [52] 
                         0.0            0.118                fi_getinfo <cycle 1>                               [53] 
                         0.0            0.0                  ofi_get_core_info <cycle 1>                        [104]
                         0.0            0.0                  ofix_getinfo <cycle 1>                             [105]
                         0.0            0.0                  rxm_getinfo <cycle 1>                              [106]
                                                                                                                     
                         0.0            0.108                PMPI_Init                                          [46] 
                                                             ofi_get_core_info <cycle 1>                        [104]
                         0.0            0.010                ofi_get_core_info_fabric                           [100]
[53]   0.11              0.0            0.118              fi_getinfo <cycle 1>                                 [53] 
                         0.0            0.020                fi_ibv_getinfo                                     [87] 
                         0.0            0.098                fi_ini                                             [54] 
                                                             rxm_getinfo <cycle 1>                              [106]
                                                                                                                     
                         0.0            0.098                fi_getinfo <cycle 1>                               [53] 
[54]   0.09              0.0            0.098              fi_ini                                               [54] 
                         0.048          0.0                  dlopen                                             [60] 
                         0.0            0.050                fi_prov_ini                                        [58] 
                                                                                                                     
                         0.090          0.0                  fi_ibv_cq_read                                     [12] 
[55]   0.09              0.090          0.0                [Import thunk pthread_spin_unlock]                   [55] 
                                                                                                                     
                         0.080          0.0                  send_fuel_assembly_neutrons                        [24] 
[56]   0.08              0.080          0.0                PMPI_Type_create_indexed_block                       [56] 
                                                                                                                     
                         0.0            0.050                fi_prov_ini                                        [58] 
[57]   0.05              0.0            0.050              fi_ibv_init_info                                     [57] 
                         0.010          0.0                  ibv_get_device_list                                [99] 
                         0.010          0.0                  rdma_get_devices                                   [101]
                         0.0            0.030                fi_ibv_alloc_info                                  [66] 
                                                                                                                     
                         0.0            0.050                fi_ini                                             [54] 
[58]   0.05              0.0            0.050              fi_prov_ini                                          [58] 
                         0.0            0.050                fi_ibv_init_info                                   [57] 
                                                                                                                     
                         0.0            0.050                manageFuelAssemblyFissions                         [17] 
[59]   0.05              0.0            0.050              fissionU236                                          [59] 
                         0.050          0.0                  rand                                               [20] 
                                                                                                                     
                         0.048          0.0                  fi_ini                                             [54] 
[60]   0.05              0.048          0.0                dlopen                                               [60] 
                                                                                                                     
                         0.040          0.0                  main                                               [4]  
[61]   0.04              0.040          0.0                calculateNumberActiveNeutrons                        [61] 
                                                                                                                     
                         0.0            0.030                rxm_ep_send_common                                 [64] 
[62]   0.03              0.0            0.030              fi_ibv_msg_ep_send                                   [62] 
                         0.030          0.0                  func@0x18500                                       [63] 
                                                                                                                     
                         0.030          0.0                  fi_ibv_msg_ep_send                                 [62] 
[63]   0.03              0.030          0.0                func@0x18500                                         [63] 
                                                                                                                     
                         0.0            0.030                rxm_ep_sendv                                       [65] 
[64]   0.03              0.0            0.030              rxm_ep_send_common                                   [64] 
                         0.0            0.030                fi_ibv_msg_ep_send                                 [62] 
                                                                                                                     
                         0.0            0.030                PMPI_Recv                                          [40] 
[65]   0.03              0.0            0.030              rxm_ep_sendv                                         [65] 
                         0.0            0.030                rxm_ep_send_common                                 [64] 
                                                                                                                     
                         0.0            0.030                fi_ibv_init_info                                   [57] 
[66]   0.03              0.0            0.030              fi_ibv_alloc_info                                    [66] 
                         0.0            0.030                fi_ibv_get_device_attrs                            [68] 
                                                                                                                     
                         0.0            0.030                fi_ibv_get_device_attrs                            [68] 
[67]   0.03              0.0            0.030              fi_ibv_find_max_inline                               [67] 
                         0.030          0.0                  ibv_create_qp                                      [69] 
                                                                                                                     
                         0.0            0.030                fi_ibv_alloc_info                                  [66] 
[68]   0.03              0.0            0.030              fi_ibv_get_device_attrs                              [68] 
                         0.0            0.030                fi_ibv_find_max_inline                             [67] 
                                                                                                                     
                         0.030          0.0                  fi_ibv_find_max_inline                             [67] 
[69]   0.03              0.030          0.0                ibv_create_qp                                        [69] 
                                                                                                                     
                         0.030          0.0                  main                                               [4]  
[70]   0.03              0.030          0.0                initialiseNeutrons                                   [70] 
                                                                                                                     
                         0.0            0.030                main                                               [4]  
[71]   0.03              0.0            0.030              generateReport                                       [71] 
                         0.030          0.0                  PMPI_Recv                                          [40] 
                                                                                                                     
                         0.023          0.0                  main                                               [4]  
[72]   0.02              0.023          0.0                open                                                 [72] 
                                                                                                                     
                         0.0            0.020                rxm_ep_msg_cq_open                                 [76] 
[73]   0.02              0.0            0.020              fi_ibv_cq_open                                       [73] 
                         0.020          0.0                  ibv_create_cq                                      [74] 
                                                                                                                     
                         0.020          0.0                  fi_ibv_cq_open                                     [73] 
[74]   0.02              0.020          0.0                ibv_create_cq                                        [74] 
                                                                                                                     
                         0.0            0.020                PMPI_Init                                          [46] 
[75]   0.02              0.0            0.020              rxm_ep_bind                                          [75] 
                         0.0            0.020                rxm_ep_msg_cq_open                                 [76] 
                                                                                                                     
                         0.0            0.020                rxm_ep_bind                                        [75] 
[76]   0.02              0.0            0.020              rxm_ep_msg_cq_open                                   [76] 
                         0.0            0.020                fi_ibv_cq_open                                     [73] 
                                                                                                                     
                         0.0            0.020                rxm_buf_reg                                        [81] 
[77]   0.02              0.0            0.020              fi_ibv_mr_reg                                        [77] 
                         0.0            0.020                fi_ibv_mr_regv                                     [79] 
                                                                                                                     
                         0.0            0.020                fi_ibv_mr_regv                                     [79] 
[78]   0.02              0.0            0.020              fi_ibv_mr_regattr                                    [78] 
                         0.020          0.0                  ibv_reg_mr                                         [80] 
                                                                                                                     
                         0.0            0.020                fi_ibv_mr_reg                                      [77] 
[79]   0.02              0.0            0.020              fi_ibv_mr_regv                                       [79] 
                         0.0            0.020                fi_ibv_mr_regattr                                  [78] 
                                                                                                                     
                         0.020          0.0                  fi_ibv_mr_regattr                                  [78] 
[80]   0.02              0.020          0.0                ibv_reg_mr                                           [80] 
                                                                                                                     
                         0.0            0.020                util_buf_grow                                      [83] 
[81]   0.02              0.0            0.020              rxm_buf_reg                                          [81] 
                         0.0            0.020                fi_ibv_mr_reg                                      [77] 
                                                                                                                     
                         0.0            0.020                PMPI_Init                                          [46] 
[82]   0.02              0.0            0.020              rxm_endpoint                                         [82] 
                         0.0            0.020                util_buf_pool_create_ex                            [84] 
                                                                                                                     
                         0.0            0.020                util_buf_pool_create_ex                            [84] 
[83]   0.02              0.0            0.020              util_buf_grow                                        [83] 
                         0.0            0.020                rxm_buf_reg                                        [81] 
                                                                                                                     
                         0.0            0.020                rxm_endpoint                                       [82] 
[84]   0.02              0.0            0.020              util_buf_pool_create_ex                              [84] 
                         0.0            0.020                util_buf_grow                                      [83] 
                                                                                                                     
                         0.020          0.0                  determineAndHandleIfNeutronModeratorCollision      [19] 
[85]   0.02              0.020          0.0                func@0x401320                                        [85] 
                                                                                                                     
                         0.010          0.010                rxm_ep_progress_one                                [10] 
[86]   0.02              0.010          0.010              rxm_cq_handle_comp                                   [86] 
                         0.0            0.010                rxm_handle_recv_comp                               [96] 
                                                                                                                     
                         0.0            0.020                fi_getinfo <cycle 1>                               [53] 
[87]   0.02              0.0            0.020              fi_ibv_getinfo                                       [87] 
                         0.0            0.020                ofi_getifaddrs                                     [89] 
                                                                                                                     
                         0.020          0.0                  ofi_getifaddrs                                     [89] 
[88]   0.02              0.020          0.0                getifaddrs                                           [88] 
                                                                                                                     
                         0.0            0.020                fi_ibv_getinfo                                     [87] 
[89]   0.02              0.0            0.020              ofi_getifaddrs                                       [89] 
                         0.020          0.0                  getifaddrs                                         [88] 
                                                                                                                     
                         0.020          0.0                  determineAndHandleIfNeutronModeratorCollision      [19] 
[90]   0.02              0.020          0.0                func@0x4010e0                                        [90] 
                                                                                                                     
                                                             <spontaneous>                                           
[91]   0.01              0.0            0.012              func@0x838f60                                        [91] 
                         0.012          0.0                  std::priv::_Rb_global<bool>::_Rebalance_for_erase  [92] 
                                                                                                                     
                         0.012          0.0                  func@0x838f60                                      [91] 
[92]   0.01              0.012          0.0                std::priv::_Rb_global<bool>::_Rebalance_for_erase    [92] 
                                                                                                                     
                         0.010          0.0                  send_fuel_assembly_neutrons                        [24] 
[93]   0.01              0.010          0.0                PMPI_Irecv                                           [93] 
                                                                                                                     
                         0.0            0.010                rxm_handle_recv_comp                               [96] 
[94]   0.01              0.0            0.010              rxm_cq_handle_rx_buf                                 [94] 
                         0.010          0.0                  rxm_finish_recv                                    [95] 
                                                                                                                     
                         0.010          0.0                  rxm_cq_handle_rx_buf                               [94] 
[95]   0.01              0.010          0.0                rxm_finish_recv                                      [95] 
                                                                                                                     
                         0.0            0.010                rxm_cq_handle_comp                                 [86] 
[96]   0.01              0.0            0.010              rxm_handle_recv_comp                                 [96] 
                         0.0            0.010                rxm_cq_handle_rx_buf                               [94] 
                                                                                                                     
                         0.010          0.0                  [stack]                                            [1]  
[97]   0.01              0.010          0.0                dl_open_worker                                       [97] 
                                                                                                                     
                         0.0            0.010                PMPI_Init                                          [46] 
[98]   0.01              0.0            0.010              fi_fabric                                            [98] 
                         0.0            0.010                rxm_fabric                                         [102]
                                                                                                                     
                         0.010          0.0                  fi_ibv_init_info                                   [57] 
[99]   0.01              0.010          0.0                ibv_get_device_list                                  [99] 
                                                                                                                     
                         0.0            0.010                rxm_fabric                                         [102]
[100]  0.01              0.0            0.010              ofi_get_core_info_fabric                             [100]
                         0.0            0.010                fi_getinfo <cycle 1>                               [53] 
                                                                                                                     
                         0.010          0.0                  fi_ibv_init_info                                   [57] 
[101]  0.01              0.010          0.0                rdma_get_devices                                     [101]
                                                                                                                     
                         0.0            0.010                fi_fabric                                          [98] 
[102]  0.01              0.0            0.010              rxm_fabric                                           [102]
                         0.0            0.010                ofi_get_core_info_fabric                           [100]
                                                                                                                     
                         0.010          0.0                  main                                               [4]  
[103]  0.01              0.010          0.0                initialiseReactorCore                                [103]
                                                                                                                     
                                                             ofix_getinfo <cycle 1>                             [105]
[104]  0.0               0.0            0.0                ofi_get_core_info <cycle 1>                          [104]
                                                             fi_getinfo <cycle 1>                               [53] 
                                                                                                                     
                                                             rxm_getinfo <cycle 1>                              [106]
[105]  0.0               0.0            0.0                ofix_getinfo <cycle 1>                               [105]
                                                             ofi_get_core_info <cycle 1>                        [104]
                                                                                                                     
                                                             fi_getinfo <cycle 1>                               [53] 
[106]  0.0               0.0            0.0                rxm_getinfo <cycle 1>                                [106]
                                                             ofix_getinfo <cycle 1>                             [105]
                                                                                                                     


Index by function name

Index  Function                                         
-----  -------------------------------------------------
[14]   MeVToVelocity                                    
[46]   PMPI_Init                                        
[93]   PMPI_Irecv                                       
[23]   PMPI_Issend                                      
[40]   PMPI_Recv                                        
[51]   PMPI_Type_commit                                 
[56]   PMPI_Type_create_indexed_block                   
[5]    PMPI_Wait                                        
[36]   [Import thunk pthread_spin_lock]                 
[50]   [Import thunk pthread_spin_lock]                 
[35]   [Import thunk pthread_spin_unlock]               
[55]   [Import thunk pthread_spin_unlock]               
[43]   [Unknown stack frame(s)]                         
[1]    [stack]                                          
[3]    __libc_start_main                                
[2]    _start                                           
[61]   calculateNumberActiveNeutrons                    
[30]   createNeutronsFromFission                        
[26]   determineAndHandleIfNeutronFuelCollision         
[19]   determineAndHandleIfNeutronModeratorCollision    
[27]   determineNeutronModeratorScattering              
[22]   determineOutbound.constprop.2                    
[97]   dl_open_worker                                   
[60]   dlopen                                           
[34]   expf32x                                          
[98]   fi_fabric                                        
[53]   fi_getinfo                                       
[66]   fi_ibv_alloc_info                                
[73]   fi_ibv_cq_open                                   
[12]   fi_ibv_cq_read                                   
[67]   fi_ibv_find_max_inline                           
[68]   fi_ibv_get_device_attrs                          
[87]   fi_ibv_getinfo                                   
[57]   fi_ibv_init_info                                 
[77]   fi_ibv_mr_reg                                    
[78]   fi_ibv_mr_regattr                                
[79]   fi_ibv_mr_regv                                   
[62]   fi_ibv_msg_ep_send                               
[54]   fi_ini                                           
[58]   fi_prov_ini                                      
[59]   fissionU236                                      
[63]   func@0x18500                                     
[90]   func@0x4010e0                                    
[85]   func@0x401320                                    
[44]   func@0x5b20                                      
[91]   func@0x838f60                                    
[32]   func@0xa620                                      
[41]   func@0xa650                                      
[16]   func@0xa68a                                      
[48]   func@0xb110                                      
[31]   generateNeutronVelocityAndEnergy                 
[71]   generateReport                                   
[88]   getifaddrs                                       
[74]   ibv_create_cq                                    
[69]   ibv_create_qp                                    
[99]   ibv_get_device_list                              
[80]   ibv_reg_mr                                       
[29]   initialiseNeutron                                
[70]   initialiseNeutrons                               
[103]  initialiseReactorCore                            
[25]   interactWithFuelAssembly.constprop.7             
[18]   interactWithModerator.constprop.3                
[15]   interactWithReactor                              
[4]    main                                             
[17]   manageFuelAssemblyFissions                       
[7]    manageFuelAssemblyInteractions                   
[9]    ofi_cq_progress                                  
[38]   ofi_cq_read                                      
[8]    ofi_cq_readfrom                                  
[39]   ofi_fastlock_acquire                             
[49]   ofi_fastlock_acquire                             
[42]   ofi_fastlock_acquire_noop                        
[37]   ofi_fastlock_release                             
[47]   ofi_fastlock_release                             
[45]   ofi_fastlock_release_noop                        
[104]  ofi_get_core_info                                
[100]  ofi_get_core_info_fabric                         
[89]   ofi_getifaddrs                                   
[105]  ofix_getinfo                                     
[72]   open                                             
[33]   pthread_spin_init                                
[13]   pthread_spin_lock                                
[20]   rand                                             
[101]  rdma_get_devices                                 
[21]   rebuildIndex                                     
[81]   rxm_buf_reg                                      
[86]   rxm_cq_handle_comp                               
[94]   rxm_cq_handle_rx_buf                             
[82]   rxm_endpoint                                     
[75]   rxm_ep_bind                                      
[76]   rxm_ep_msg_cq_open                               
[10]   rxm_ep_progress_one                              
[64]   rxm_ep_send_common                               
[65]   rxm_ep_sendv                                     
[102]  rxm_fabric                                       
[95]   rxm_finish_recv                                  
[106]  rxm_getinfo                                      
[96]   rxm_handle_recv_comp                             
[24]   send_fuel_assembly_neutrons                      
[92]   std::priv::_Rb_global<bool>::_Rebalance_for_erase
[11]   updateNeutronPosition                            
[6]    updateNeutrons                                   
[28]   updateReactorCore                                
[83]   util_buf_grow                                    
[84]   util_buf_pool_create_ex                          
[52]   <cycle 1>                                        
