Index  % CPU Time:Total  CPU Time:Self  CPU Time:Children  Name                                             Index
-----  ----------------  -------------  -----------------  -----------------------------------------------  -----
                                                             <spontaneous>                                       
                         0.0            0.020                PMPI_Recv                                      [7]  
                         0.0            0.010                _start <cycle 2>                               [3]  
                         0.0            0.050                main                                           [4]  
                         0.0            0.010                manageFuelAssemblyInteractions                 [6]  
                         0.0            0.010                rxm_ep_progress_one                            [12] 
[1]    100.0             0.0            93.820             <cycle 2 as a whole>                             [1]  
                         0.0            0.110                [Unknown stack frame(s)] <cycle 2>             [53] 
                         0.0            0.020                [stack] <cycle 2>                              [76] 
                         0.0            93.800               _start <cycle 2>                               [3]  
                                                                                                                 
                         0.0            93.800               _start <cycle 2>                               [3]  
[2]    99.98             0.0            93.800             __libc_start_main                                [2]  
                         0.020          93.780               main                                           [4]  
                                                                                                                 
                                                             [stack] <cycle 2>                              [76] 
[3]    99.98             0.0            93.800             _start <cycle 2>                                 [3]  
                                                             [Unknown stack frame(s)] <cycle 2>             [53] 
                         0.0            93.800               __libc_start_main                              [2]  
                                                                                                                 
                         0.020          93.780               __libc_start_main                              [2]  
[4]    99.98             0.020          93.780             main                                             [4]  
                         14.419         31.280               updateNeutrons                                 [5]  
                         0.190          42.530               manageFuelAssemblyInteractions                 [6]  
                         0.060          3.889                manageFuelAssemblyFissions                     [21] 
                         0.020          0.010                initialiseNeutrons                             [70] 
                         0.010          0.0                  initialiseReactorCore                          [101]
                         0.010          0.0                  func@0x1b720                                   [105]
                         0.0            0.180                PMPI_Init                                      [43] 
                         0.0            0.050                [Unknown stack frame(s)] <cycle 2>             [53] 
                         0.0            0.040                generateReport                                 [64] 
                         0.0            1.091                updateReactorCore                              [31] 
                                                                                                                 
                         14.419         31.280               main                                           [4]  
[5]    48.71             14.419         31.280             updateNeutrons                                   [5]  
                         5.719          7.889                updateNeutronPosition                          [10] 
                         3.720          0.0                  determineOutbound.constprop.2                  [22] 
                         3.041          0.0                  rebuildIndex                                   [23] 
                         2.311          4.681                interactWithReactor                            [16] 
                         2.059          0.030                PMPI_Wait                                      [26] 
                         0.0            1.830                send_fuel_assembly_neutrons                    [28] 
                                                                                                                 
                         0.190          42.530               main                                           [4]  
[6]    45.53             0.190          42.530             manageFuelAssemblyInteractions                   [6]  
                         15.569         14.540               PMPI_Recv                                      [7]  
                         2.260          7.620                PMPI_Ssend                                     [11] 
                         0.040          2.491                interactWithFuelAssembly.constprop.6           [24] 
                         0.0            0.010                [Unknown stack frame(s)] <cycle 2>             [53] 
                                                                                                                 
                         0.020          0.010                getNumberActiveNeutrons                        [65] 
                         0.110          0.090                createNeutronsFromFission                      [34] 
                         15.569         14.540               manageFuelAssemblyInteractions                 [6]  
[7]    32.34             15.699         14.640             PMPI_Recv                                        [7]  
                         0.860          13.700               ofi_cq_readfrom                                [8]  
                         0.050          0.0                  ofi_cq_read                                    [60] 
                         0.0            0.020                [Unknown stack frame(s)] <cycle 2>             [53] 
                         0.0            0.010                rxm_ep_sendv                                   [81] 
                                                                                                                 
                         0.0            0.020                PMPI_Wait                                      [26] 
                         0.840          9.730                PMPI_Ssend                                     [11] 
                         0.860          13.700               PMPI_Recv                                      [7]  
[8]    26.81             1.700          23.450             ofi_cq_readfrom                                  [8]  
                         5.550          0.0                  pthread_spin_lock                              [14] 
                         0.660          15.660               ofi_cq_progress                                [9]  
                         0.470          0.0                  [Import thunk pthread_spin_unlock]             [37] 
                         0.410          0.0                  pthread_spin_init                              [36] 
                         0.290          0.0                  ofi_fastlock_release                           [41] 
                         0.210          0.0                  ofi_fastlock_acquire                           [39] 
                         0.200          0.0                  [Import thunk pthread_spin_lock]               [40] 
                                                                                                                 
                         0.660          15.660               ofi_cq_readfrom                                [8]  
[9]    17.39             0.660          15.660             ofi_cq_progress                                  [9]  
                         2.500          0.0                  pthread_spin_lock                              [14] 
                         1.280          11.600               rxm_ep_progress_one                            [12] 
                         0.140          0.0                  [Import thunk pthread_spin_lock]               [40] 
                         0.140          0.0                  ofi_fastlock_acquire                           [39] 
                                                                                                                 
                         5.719          7.889                updateNeutrons                                 [5]  
[10]   14.5              5.719          7.889              updateNeutronPosition                            [10] 
                         7.889          0.0                  MeVToVelocity                                  [15] 
                                                                                                                 
                         0.730          2.970                manageFuelAssemblyFissions                     [21] 
                         2.260          7.620                manageFuelAssemblyInteractions                 [6]  
[11]   14.47             2.990          10.590             PMPI_Ssend                                       [11] 
                         0.840          9.730                ofi_cq_readfrom                                [8]  
                         0.020          0.0                  ofi_cq_read                                    [60] 
                                                                                                                 
                         1.280          11.600               ofi_cq_progress                                [9]  
[12]   13.73             1.280          11.600             rxm_ep_progress_one                              [12] 
                         1.550          9.800                fi_ibv_cq_read                                 [13] 
                         0.160          0.0                  ofi_fastlock_acquire_noop                      [44] 
                         0.070          0.0                  ofi_fastlock_release_noop                      [61] 
                         0.0            0.010                [Unknown stack frame(s)] <cycle 2>             [53] 
                         0.0            0.010                rxm_cq_handle_comp                             [75] 
                                                                                                                 
                         1.550          9.800                rxm_ep_progress_one                            [12] 
[13]   12.1              1.550          9.800              fi_ibv_cq_read                                   [13] 
                         4.210          0.0                  func@0xa7b5                                    [19] 
                         2.840          0.0                  pthread_spin_lock                              [14] 
                         1.270          0.0                  func@0xa68f                                    [30] 
                         0.420          0.0                  func@0xa620                                    [38] 
                         0.250          0.0                  func@0xa650                                    [42] 
                         0.140          0.0                  func@0xb110                                    [45] 
                         0.130          0.0                  [Import thunk pthread_spin_lock]               [48] 
                         0.120          0.0                  [Import thunk pthread_spin_unlock]             [49] 
                         0.120          0.0                  pthread_spin_init                              [36] 
                         0.110          0.0                  func@0xaabc                                    [52] 
                         0.100          0.0                  ofi_fastlock_acquire                           [55] 
                         0.070          0.0                  ofi_fastlock_release                           [58] 
                         0.0            0.0                  [Unknown stack frame(s)] <cycle 2>             [53] 
                                                                                                                 
                         0.010          0.0                  rxm_cq_handle_comp                             [75] 
                         2.500          0.0                  ofi_cq_progress                                [9]  
                         2.840          0.0                  fi_ibv_cq_read                                 [13] 
                         5.550          0.0                  ofi_cq_readfrom                                [8]  
[14]   11.62             10.900         0.0                pthread_spin_lock                                [14] 
                                                                                                                 
                         7.889          0.0                  updateNeutronPosition                          [10] 
[15]   8.41              7.889          0.0                MeVToVelocity                                    [15] 
                                                                                                                 
                         2.311          4.681                updateNeutrons                                 [5]  
[16]   7.45              2.311          4.681              interactWithReactor                              [16] 
                         0.260          4.421                interactWithModerator.constprop.3              [17] 
                                                                                                                 
                         0.260          4.421                interactWithReactor                            [16] 
[17]   4.99              0.260          4.421              interactWithModerator.constprop.3                [17] 
                         0.640          3.781                determineAndHandleIfNeutronModeratorCollision  [18] 
                                                                                                                 
                         0.640          3.781                interactWithModerator.constprop.3              [17] 
[18]   4.71              0.640          3.781              determineAndHandleIfNeutronModeratorCollision    [18] 
                         1.120          0.0                  rand                                           [20] 
                         0.930          1.130                determineNeutronModeratorScattering            [27] 
                         0.560          0.0                  expf32x                                        [35] 
                         0.030          0.0                  func@0x401320                                  [66] 
                         0.010          0.0                  func@0x4010e0                                  [91] 
                                                                                                                 
                         4.210          0.0                  fi_ibv_cq_read                                 [13] 
[19]   4.49              4.210          0.0                func@0xa7b5                                      [19] 
                                                                                                                 
                         0.010          0.0                  updateReactorCore                              [31] 
                         0.060          0.0                  fissionU236                                    [56] 
                         0.880          0.0                  determineAndHandleIfNeutronFuelCollision       [25] 
                         0.881          0.0                  generateNeutronVelocityAndEnergy               [33] 
                         1.120          0.0                  determineAndHandleIfNeutronModeratorCollision  [18] 
                         1.130          0.0                  determineNeutronModeratorScattering            [27] 
[20]   4.35              4.082          0.0                rand                                             [20] 
                                                                                                                 
                         0.060          3.889                main                                           [4]  
[21]   4.21              0.060          3.889              manageFuelAssemblyFissions                       [21] 
                         0.730          2.970                PMPI_Ssend                                     [11] 
                         0.030          0.060                fissionU236                                    [56] 
                         0.0            0.100                initialiseNeutron                              [32] 
                                                                                                                 
                         3.720          0.0                  updateNeutrons                                 [5]  
[22]   3.96              3.720          0.0                determineOutbound.constprop.2                    [22] 
                                                                                                                 
                         3.041          0.0                  updateNeutrons                                 [5]  
[23]   3.24              3.041          0.0                rebuildIndex                                     [23] 
                                                                                                                 
                         0.040          2.491                manageFuelAssemblyInteractions                 [6]  
[24]   2.7               0.040          2.491              interactWithFuelAssembly.constprop.6             [24] 
                         1.601          0.890                determineAndHandleIfNeutronFuelCollision       [25] 
                                                                                                                 
                         1.601          0.890                interactWithFuelAssembly.constprop.6           [24] 
[25]   2.66              1.601          0.890              determineAndHandleIfNeutronFuelCollision         [25] 
                         0.880          0.0                  rand                                           [20] 
                         0.010          0.0                  func@0x401320                                  [66] 
                                                                                                                 
                         2.059          0.030                updateNeutrons                                 [5]  
[26]   2.23              2.059          0.030              PMPI_Wait                                        [26] 
                         0.0            0.020                ofi_cq_readfrom                                [8]  
                         0.0            0.010                rxm_ep_sendv                                   [81] 
                                                                                                                 
                         0.930          1.130                determineAndHandleIfNeutronModeratorCollision  [18] 
[27]   2.2               0.930          1.130              determineNeutronModeratorScattering              [27] 
                         1.130          0.0                  rand                                           [20] 
                                                                                                                 
                         0.0            1.830                updateNeutrons                                 [5]  
[28]   1.95              0.0            1.830              send_fuel_assembly_neutrons                      [28] 
                         1.630          0.0                  PMPI_Issend                                    [29] 
                         0.120          0.0                  PMPI_Type_create_indexed_block                 [51] 
                         0.080          0.0                  PMPI_Type_commit                               [57] 
                                                                                                                 
                         1.630          0.0                  send_fuel_assembly_neutrons                    [28] 
[29]   1.74              1.630          0.0                PMPI_Issend                                      [29] 
                                                                                                                 
                         1.270          0.0                  fi_ibv_cq_read                                 [13] 
[30]   1.35              1.270          0.0                func@0xa68f                                      [30] 
                                                                                                                 
                         0.0            1.091                main                                           [4]  
[31]   1.16              0.0            1.091              updateReactorCore                                [31] 
                         0.030          0.881                createNeutronsFromFission                      [34] 
                         0.010          0.0                  rand                                           [20] 
                         0.0            0.170                initialiseNeutron                              [32] 
                                                                                                                 
                         0.0            0.100                manageFuelAssemblyFissions                     [21] 
                         0.0            0.170                updateReactorCore                              [31] 
                         0.010          0.661                createNeutronsFromFission                      [34] 
[32]   1.0               0.010          0.931              initialiseNeutron                                [32] 
                         0.050          0.881                generateNeutronVelocityAndEnergy               [33] 
                                                                                                                 
                         0.050          0.881                initialiseNeutron                              [32] 
[33]   0.99              0.050          0.881              generateNeutronVelocityAndEnergy                 [33] 
                         0.881          0.0                  rand                                           [20] 
                                                                                                                 
                         0.030          0.881                updateReactorCore                              [31] 
[34]   0.97              0.030          0.881              createNeutronsFromFission                        [34] 
                         0.110          0.090                PMPI_Recv                                      [7]  
                         0.010          0.661                initialiseNeutron                              [32] 
                         0.010          0.0                  func@0x401270                                  [92] 
                                                                                                                 
                         0.560          0.0                  determineAndHandleIfNeutronModeratorCollision  [18] 
[35]   0.6               0.560          0.0                expf32x                                          [35] 
                                                                                                                 
                         0.120          0.0                  fi_ibv_cq_read                                 [13] 
                         0.410          0.0                  ofi_cq_readfrom                                [8]  
[36]   0.56              0.530          0.0                pthread_spin_init                                [36] 
                                                                                                                 
                         0.470          0.0                  ofi_cq_readfrom                                [8]  
[37]   0.5               0.470          0.0                [Import thunk pthread_spin_unlock]               [37] 
                                                                                                                 
                         0.420          0.0                  fi_ibv_cq_read                                 [13] 
[38]   0.45              0.420          0.0                func@0xa620                                      [38] 
                                                                                                                 
                         0.140          0.0                  ofi_cq_progress                                [9]  
                         0.210          0.0                  ofi_cq_readfrom                                [8]  
[39]   0.37              0.350          0.0                ofi_fastlock_acquire                             [39] 
                                                                                                                 
                         0.140          0.0                  ofi_cq_progress                                [9]  
                         0.200          0.0                  ofi_cq_readfrom                                [8]  
[40]   0.36              0.340          0.0                [Import thunk pthread_spin_lock]                 [40] 
                                                                                                                 
                         0.290          0.0                  ofi_cq_readfrom                                [8]  
[41]   0.31              0.290          0.0                ofi_fastlock_release                             [41] 
                                                                                                                 
                         0.250          0.0                  fi_ibv_cq_read                                 [13] 
[42]   0.27              0.250          0.0                func@0xa650                                      [42] 
                                                                                                                 
                         0.0            0.180                main                                           [4]  
[43]   0.19              0.0            0.180              PMPI_Init                                        [43] 
                         0.0            0.130                fi_getinfo <cycle 1>                           [47] 
                         0.0            0.010                ip_av_create_flags                             [102]
                         0.0            0.010                rxm_endpoint                                   [88] 
                         0.0            0.030                rxm_ep_bind                                    [73] 
                                                                                                                 
                         0.160          0.0                  rxm_ep_progress_one                            [12] 
[44]   0.17              0.160          0.0                ofi_fastlock_acquire_noop                        [44] 
                                                                                                                 
                         0.140          0.0                  fi_ibv_cq_read                                 [13] 
[45]   0.15              0.140          0.0                func@0xb110                                      [45] 
                                                                                                                 
                         0.0            0.130                PMPI_Init                                      [43] 
[46]   0.14              0.0            0.130              <cycle 1 as a whole>                             [46] 
                         0.0            0.130                fi_getinfo <cycle 1>                           [47] 
                         0.0            0.0                  ofi_get_core_info <cycle 1>                    [107]
                         0.0            0.0                  ofix_getinfo <cycle 1>                         [108]
                         0.0            0.0                  rxm_getinfo <cycle 1>                          [109]
                                                                                                                 
                         0.0            0.130                PMPI_Init                                      [43] 
                                                             ofi_get_core_info <cycle 1>                    [107]
[47]   0.14              0.0            0.130              fi_getinfo <cycle 1>                             [47] 
                         0.0            0.010                fi_ibv_getinfo                                 [99] 
                         0.0            0.120                fi_ini                                         [50] 
                                                             rxm_getinfo <cycle 1>                          [109]
                                                                                                                 
                         0.130          0.0                  fi_ibv_cq_read                                 [13] 
[48]   0.14              0.130          0.0                [Import thunk pthread_spin_lock]                 [48] 
                                                                                                                 
                         0.120          0.0                  fi_ibv_cq_read                                 [13] 
[49]   0.13              0.120          0.0                [Import thunk pthread_spin_unlock]               [49] 
                                                                                                                 
                         0.0            0.120                fi_getinfo <cycle 1>                           [47] 
[50]   0.13              0.0            0.120              fi_ini                                           [50] 
                         0.070          0.0                  dlopen                                         [59] 
                         0.0            0.050                fi_prov_ini                                    [63] 
                                                                                                                 
                         0.120          0.0                  send_fuel_assembly_neutrons                    [28] 
[51]   0.13              0.120          0.0                PMPI_Type_create_indexed_block                   [51] 
                                                                                                                 
                         0.110          0.0                  fi_ibv_cq_read                                 [13] 
[52]   0.12              0.110          0.0                func@0xaabc                                      [52] 
                                                                                                                 
                         0.0            0.020                PMPI_Recv                                      [7]  
                                                             _start <cycle 2>                               [3]  
                         0.0            0.0                  fi_ibv_cq_read                                 [13] 
                         0.0            0.050                main                                           [4]  
                         0.0            0.010                manageFuelAssemblyInteractions                 [6]  
                         0.0            0.010                rxm_ep_progress_one                            [12] 
[53]   0.12              0.0            0.110              [Unknown stack frame(s)] <cycle 2>               [53] 
                         0.110          0.0                  func@0x5b20                                    [54] 
                                                             [stack] <cycle 2>                              [76] 
                                                                                                                 
                         0.110          0.0                  [Unknown stack frame(s)] <cycle 2>             [53] 
[54]   0.12              0.110          0.0                func@0x5b20                                      [54] 
                                                                                                                 
                         0.100          0.0                  fi_ibv_cq_read                                 [13] 
[55]   0.11              0.100          0.0                ofi_fastlock_acquire                             [55] 
                                                                                                                 
                         0.030          0.060                manageFuelAssemblyFissions                     [21] 
[56]   0.1               0.030          0.060              fissionU236                                      [56] 
                         0.060          0.0                  rand                                           [20] 
                                                                                                                 
                         0.080          0.0                  send_fuel_assembly_neutrons                    [28] 
[57]   0.09              0.080          0.0                PMPI_Type_commit                                 [57] 
                                                                                                                 
                         0.070          0.0                  fi_ibv_cq_read                                 [13] 
[58]   0.07              0.070          0.0                ofi_fastlock_release                             [58] 
                                                                                                                 
                         0.070          0.0                  fi_ini                                         [50] 
[59]   0.07              0.070          0.0                dlopen                                           [59] 
                                                                                                                 
                         0.020          0.0                  PMPI_Ssend                                     [11] 
                         0.050          0.0                  PMPI_Recv                                      [7]  
[60]   0.07              0.070          0.0                ofi_cq_read                                      [60] 
                                                                                                                 
                         0.070          0.0                  rxm_ep_progress_one                            [12] 
[61]   0.07              0.070          0.0                ofi_fastlock_release_noop                        [61] 
                                                                                                                 
                         0.0            0.050                fi_prov_ini                                    [63] 
[62]   0.05              0.0            0.050              fi_ibv_init_info                                 [62] 
                         0.020          0.0                  rdma_get_devices                               [82] 
                         0.0            0.030                fi_ibv_alloc_info                              [67] 
                                                                                                                 
                         0.0            0.050                fi_ini                                         [50] 
[63]   0.05              0.0            0.050              fi_prov_ini                                      [63] 
                         0.0            0.050                fi_ibv_init_info                               [62] 
                                                                                                                 
                         0.0            0.040                main                                           [4]  
[64]   0.04              0.0            0.040              generateReport                                   [64] 
                         0.010          0.030                getNumberActiveNeutrons                        [65] 
                                                                                                                 
                         0.010          0.030                generateReport                                 [64] 
[65]   0.04              0.010          0.030              getNumberActiveNeutrons                          [65] 
                         0.020          0.010                PMPI_Recv                                      [7]  
                                                                                                                 
                         0.010          0.0                  determineAndHandleIfNeutronFuelCollision       [25] 
                         0.030          0.0                  determineAndHandleIfNeutronModeratorCollision  [18] 
[66]   0.04              0.040          0.0                func@0x401320                                    [66] 
                                                                                                                 
                         0.0            0.030                fi_ibv_init_info                               [62] 
[67]   0.03              0.0            0.030              fi_ibv_alloc_info                                [67] 
                         0.0            0.030                fi_ibv_get_device_attrs                        [69] 
                                                                                                                 
                         0.0            0.030                fi_ibv_get_device_attrs                        [69] 
[68]   0.03              0.0            0.030              fi_ibv_find_max_inline                           [68] 
                         0.020          0.0                  ibv_create_qp                                  [77] 
                         0.010          0.0                  func@0x1d2c0                                   [100]
                                                                                                                 
                         0.0            0.030                fi_ibv_alloc_info                              [67] 
[69]   0.03              0.0            0.030              fi_ibv_get_device_attrs                          [69] 
                         0.0            0.030                fi_ibv_find_max_inline                         [68] 
                                                                                                                 
                         0.020          0.010                main                                           [4]  
[70]   0.03              0.020          0.010              initialiseNeutrons                               [70] 
                         0.010          0.0                  __memset_avx2_erms                             [106]
                                                                                                                 
                         0.0            0.030                rxm_ep_msg_cq_open                             [74] 
[71]   0.03              0.0            0.030              fi_ibv_cq_open                                   [71] 
                         0.030          0.0                  ibv_create_cq                                  [72] 
                                                                                                                 
                         0.030          0.0                  fi_ibv_cq_open                                 [71] 
[72]   0.03              0.030          0.0                ibv_create_cq                                    [72] 
                                                                                                                 
                         0.0            0.030                PMPI_Init                                      [43] 
[73]   0.03              0.0            0.030              rxm_ep_bind                                      [73] 
                         0.0            0.030                rxm_ep_msg_cq_open                             [74] 
                                                                                                                 
                         0.0            0.030                rxm_ep_bind                                    [73] 
[74]   0.03              0.0            0.030              rxm_ep_msg_cq_open                               [74] 
                         0.0            0.030                fi_ibv_cq_open                                 [71] 
                                                                                                                 
                         0.0            0.010                rxm_ep_progress_one                            [12] 
                         0.010          0.0                  [stack] <cycle 2>                              [76] 
[75]   0.02              0.010          0.010              rxm_cq_handle_comp                               [75] 
                         0.010          0.0                  pthread_spin_lock                              [14] 
                                                                                                                 
                                                             <spontaneous>                                       
                                                             [Unknown stack frame(s)] <cycle 2>             [53] 
[76]   0.02              0.0            0.020              [stack] <cycle 2>                                [76] 
                         0.010          0.0                  rxm_cq_handle_comp                             [75] 
                                                             _start <cycle 2>                               [3]  
                         0.0            0.010                dl_open_worker                                 [96] 
                                                                                                                 
                         0.020          0.0                  fi_ibv_find_max_inline                         [68] 
[77]   0.02              0.020          0.0                ibv_create_qp                                    [77] 
                                                                                                                 
                         0.0            0.020                rxm_ep_send_common                             [80] 
[78]   0.02              0.0            0.020              fi_ibv_msg_ep_send                               [78] 
                         0.020          0.0                  func@0x18500                                   [79] 
                                                                                                                 
                         0.020          0.0                  fi_ibv_msg_ep_send                             [78] 
[79]   0.02              0.020          0.0                func@0x18500                                     [79] 
                                                                                                                 
                         0.0            0.020                rxm_ep_sendv                                   [81] 
[80]   0.02              0.0            0.020              rxm_ep_send_common                               [80] 
                         0.0            0.020                fi_ibv_msg_ep_send                             [78] 
                                                                                                                 
                         0.0            0.010                PMPI_Recv                                      [7]  
                         0.0            0.010                PMPI_Wait                                      [26] 
[81]   0.02              0.0            0.020              rxm_ep_sendv                                     [81] 
                         0.0            0.020                rxm_ep_send_common                             [80] 
                                                                                                                 
                         0.020          0.0                  fi_ibv_init_info                               [62] 
[82]   0.02              0.020          0.0                rdma_get_devices                                 [82] 
                                                                                                                 
                         0.0            0.010                rxm_buf_reg                                    [87] 
[83]   0.01              0.0            0.010              fi_ibv_mr_reg                                    [83] 
                         0.0            0.010                fi_ibv_mr_regv                                 [85] 
                                                                                                                 
                         0.0            0.010                fi_ibv_mr_regv                                 [85] 
[84]   0.01              0.0            0.010              fi_ibv_mr_regattr                                [84] 
                         0.010          0.0                  ibv_reg_mr                                     [86] 
                                                                                                                 
                         0.0            0.010                fi_ibv_mr_reg                                  [83] 
[85]   0.01              0.0            0.010              fi_ibv_mr_regv                                   [85] 
                         0.0            0.010                fi_ibv_mr_regattr                              [84] 
                                                                                                                 
                         0.010          0.0                  fi_ibv_mr_regattr                              [84] 
[86]   0.01              0.010          0.0                ibv_reg_mr                                       [86] 
                                                                                                                 
                         0.0            0.010                util_buf_grow                                  [89] 
[87]   0.01              0.0            0.010              rxm_buf_reg                                      [87] 
                         0.0            0.010                fi_ibv_mr_reg                                  [83] 
                                                                                                                 
                         0.0            0.010                PMPI_Init                                      [43] 
[88]   0.01              0.0            0.010              rxm_endpoint                                     [88] 
                         0.0            0.010                util_buf_pool_create_ex                        [90] 
                                                                                                                 
                         0.0            0.010                util_buf_pool_create_ex                        [90] 
[89]   0.01              0.0            0.010              util_buf_grow                                    [89] 
                         0.0            0.010                rxm_buf_reg                                    [87] 
                                                                                                                 
                         0.0            0.010                rxm_endpoint                                   [88] 
[90]   0.01              0.0            0.010              util_buf_pool_create_ex                          [90] 
                         0.0            0.010                util_buf_grow                                  [89] 
                                                                                                                 
                         0.010          0.0                  determineAndHandleIfNeutronModeratorCollision  [18] 
[91]   0.01              0.010          0.0                func@0x4010e0                                    [91] 
                                                                                                                 
                         0.010          0.0                  createNeutronsFromFission                      [34] 
[92]   0.01              0.010          0.0                func@0x401270                                    [92] 
                                                                                                                 
                         0.0            0.010                dl_open_worker                                 [96] 
[93]   0.01              0.0            0.010              OS_MutexLock                                     [93] 
                         0.0            0.010                OS_MutexLockTid                                [94] 
                                                                                                                 
                         0.0            0.010                OS_MutexLock                                   [93] 
[94]   0.01              0.0            0.010              OS_MutexLockTid                                  [94] 
                         0.010          0.0                  SPINLOCK_Lock                                  [95] 
                                                                                                                 
                         0.010          0.0                  OS_MutexLockTid                                [94] 
[95]   0.01              0.010          0.0                SPINLOCK_Lock                                    [95] 
                                                                                                                 
                         0.0            0.010                [stack] <cycle 2>                              [76] 
[96]   0.01              0.0            0.010              dl_open_worker                                   [96] 
                         0.0            0.010                OS_MutexLock                                   [93] 
                                                                                                                 
                         0.0            0.010                fi_ibv_getinfo                                 [99] 
[97]   0.01              0.0            0.010              fi_ibv_create_ep                                 [97] 
                         0.0            0.010                fi_ibv_get_rdma_rai                            [98] 
                                                                                                                 
                         0.0            0.010                fi_ibv_create_ep                               [97] 
[98]   0.01              0.0            0.010              fi_ibv_get_rdma_rai                              [98] 
                         0.010          0.0                  rdma_getaddrinfo                               [104]
                                                                                                                 
                         0.0            0.010                fi_getinfo <cycle 1>                           [47] 
[99]   0.01              0.0            0.010              fi_ibv_getinfo                                   [99] 
                         0.0            0.010                fi_ibv_create_ep                               [97] 
                                                                                                                 
                         0.010          0.0                  fi_ibv_find_max_inline                         [68] 
[100]  0.01              0.010          0.0                func@0x1d2c0                                     [100]
                                                                                                                 
                         0.010          0.0                  main                                           [4]  
[101]  0.01              0.010          0.0                initialiseReactorCore                            [101]
                                                                                                                 
                         0.0            0.010                PMPI_Init                                      [43] 
[102]  0.01              0.0            0.010              ip_av_create_flags                               [102]
                         0.010          0.0                  ofi_av_init                                    [103]
                                                                                                                 
                         0.010          0.0                  ip_av_create_flags                             [102]
[103]  0.01              0.010          0.0                ofi_av_init                                      [103]
                                                                                                                 
                         0.010          0.0                  fi_ibv_get_rdma_rai                            [98] 
[104]  0.01              0.010          0.0                rdma_getaddrinfo                                 [104]
                                                                                                                 
                         0.010          0.0                  main                                           [4]  
[105]  0.01              0.010          0.0                func@0x1b720                                     [105]
                                                                                                                 
                         0.010          0.0                  initialiseNeutrons                             [70] 
[106]  0.01              0.010          0.0                __memset_avx2_erms                               [106]
                                                                                                                 
                                                             ofix_getinfo <cycle 1>                         [108]
[107]  0.0               0.0            0.0                ofi_get_core_info <cycle 1>                      [107]
                                                             fi_getinfo <cycle 1>                           [47] 
                                                                                                                 
                                                             rxm_getinfo <cycle 1>                          [109]
[108]  0.0               0.0            0.0                ofix_getinfo <cycle 1>                           [108]
                                                             ofi_get_core_info <cycle 1>                    [107]
                                                                                                                 
                                                             fi_getinfo <cycle 1>                           [47] 
[109]  0.0               0.0            0.0                rxm_getinfo <cycle 1>                            [109]
                                                             ofix_getinfo <cycle 1>                         [108]
                                                                                                                 


Index by function name

Index  Function                                     
-----  ---------------------------------------------
[15]   MeVToVelocity                                
[93]   OS_MutexLock                                 
[94]   OS_MutexLockTid                              
[43]   PMPI_Init                                    
[29]   PMPI_Issend                                  
[7]    PMPI_Recv                                    
[11]   PMPI_Ssend                                   
[57]   PMPI_Type_commit                             
[51]   PMPI_Type_create_indexed_block               
[26]   PMPI_Wait                                    
[95]   SPINLOCK_Lock                                
[40]   [Import thunk pthread_spin_lock]             
[48]   [Import thunk pthread_spin_lock]             
[37]   [Import thunk pthread_spin_unlock]           
[49]   [Import thunk pthread_spin_unlock]           
[53]   [Unknown stack frame(s)]                     
[76]   [stack]                                      
[2]    __libc_start_main                            
[106]  __memset_avx2_erms                           
[3]    _start                                       
[34]   createNeutronsFromFission                    
[25]   determineAndHandleIfNeutronFuelCollision     
[18]   determineAndHandleIfNeutronModeratorCollision
[27]   determineNeutronModeratorScattering          
[22]   determineOutbound.constprop.2                
[96]   dl_open_worker                               
[59]   dlopen                                       
[35]   expf32x                                      
[47]   fi_getinfo                                   
[67]   fi_ibv_alloc_info                            
[71]   fi_ibv_cq_open                               
[13]   fi_ibv_cq_read                               
[97]   fi_ibv_create_ep                             
[68]   fi_ibv_find_max_inline                       
[69]   fi_ibv_get_device_attrs                      
[98]   fi_ibv_get_rdma_rai                          
[99]   fi_ibv_getinfo                               
[62]   fi_ibv_init_info                             
[83]   fi_ibv_mr_reg                                
[84]   fi_ibv_mr_regattr                            
[85]   fi_ibv_mr_regv                               
[78]   fi_ibv_msg_ep_send                           
[50]   fi_ini                                       
[63]   fi_prov_ini                                  
[56]   fissionU236                                  
[79]   func@0x18500                                 
[105]  func@0x1b720                                 
[100]  func@0x1d2c0                                 
[91]   func@0x4010e0                                
[92]   func@0x401270                                
[66]   func@0x401320                                
[54]   func@0x5b20                                  
[38]   func@0xa620                                  
[42]   func@0xa650                                  
[30]   func@0xa68f                                  
[19]   func@0xa7b5                                  
[52]   func@0xaabc                                  
[45]   func@0xb110                                  
[33]   generateNeutronVelocityAndEnergy             
[64]   generateReport                               
[65]   getNumberActiveNeutrons                      
[72]   ibv_create_cq                                
[77]   ibv_create_qp                                
[86]   ibv_reg_mr                                   
[32]   initialiseNeutron                            
[70]   initialiseNeutrons                           
[101]  initialiseReactorCore                        
[24]   interactWithFuelAssembly.constprop.6         
[17]   interactWithModerator.constprop.3            
[16]   interactWithReactor                          
[102]  ip_av_create_flags                           
[4]    main                                         
[21]   manageFuelAssemblyFissions                   
[6]    manageFuelAssemblyInteractions               
[103]  ofi_av_init                                  
[9]    ofi_cq_progress                              
[60]   ofi_cq_read                                  
[8]    ofi_cq_readfrom                              
[39]   ofi_fastlock_acquire                         
[55]   ofi_fastlock_acquire                         
[44]   ofi_fastlock_acquire_noop                    
[41]   ofi_fastlock_release                         
[58]   ofi_fastlock_release                         
[61]   ofi_fastlock_release_noop                    
[107]  ofi_get_core_info                            
[108]  ofix_getinfo                                 
[36]   pthread_spin_init                            
[14]   pthread_spin_lock                            
[20]   rand                                         
[82]   rdma_get_devices                             
[104]  rdma_getaddrinfo                             
[23]   rebuildIndex                                 
[87]   rxm_buf_reg                                  
[75]   rxm_cq_handle_comp                           
[88]   rxm_endpoint                                 
[73]   rxm_ep_bind                                  
[74]   rxm_ep_msg_cq_open                           
[12]   rxm_ep_progress_one                          
[80]   rxm_ep_send_common                           
[81]   rxm_ep_sendv                                 
[109]  rxm_getinfo                                  
[28]   send_fuel_assembly_neutrons                  
[10]   updateNeutronPosition                        
[5]    updateNeutrons                               
[31]   updateReactorCore                            
[89]   util_buf_grow                                
[90]   util_buf_pool_create_ex                      
[46]   <cycle 1>                                    
[1]    <cycle 2>                                    
